#! /c/Source/iverilog-install/bin/vvp
:ivl_version "12.0 (devel)" "(s20150603-1539-g2693dd32b)";
:ivl_delay_selection "TYPICAL";
:vpi_time_precision + 0;
:vpi_module "C:\iverilog\lib\ivl\system.vpi";
:vpi_module "C:\iverilog\lib\ivl\vhdl_sys.vpi";
:vpi_module "C:\iverilog\lib\ivl\vhdl_textio.vpi";
:vpi_module "C:\iverilog\lib\ivl\v2005_math.vpi";
:vpi_module "C:\iverilog\lib\ivl\va_math.vpi";
S_0000025c91d37b60 .scope module, "synchronous_fifo2" "synchronous_fifo2" 2 1;
 .timescale 0 0;
    .port_info 0 /INPUT 1 "clk";
    .port_info 1 /INPUT 1 "rst_n";
    .port_info 2 /INPUT 1 "w_en";
    .port_info 3 /INPUT 1 "r_en";
    .port_info 4 /INPUT 8 "data_in";
    .port_info 5 /OUTPUT 8 "data_out";
    .port_info 6 /OUTPUT 1 "full";
    .port_info 7 /OUTPUT 1 "empty";
P_0000025c91d34bd0 .param/l "DATA_WIDTH" 0 2 1, +C4<00000000000000000000000000001000>;
P_0000025c91d34c08 .param/l "DEPTH" 0 2 1, +C4<00000000000000000000000000001000>;
v0000025c91cf6940_0 .net *"_ivl_0", 31 0, L_0000025c91d42070;  1 drivers
L_0000025c91d930b8 .functor BUFT 1, C4<00000000000000000000000000000>, C4<0>, C4<0>, C4<0>;
v0000025c91cf6750_0 .net *"_ivl_11", 28 0, L_0000025c91d930b8;  1 drivers
L_0000025c91d93100 .functor BUFT 1, C4<00000000000000000000000000000000>, C4<0>, C4<0>, C4<0>;
v0000025c91d416c0_0 .net/2u *"_ivl_12", 31 0, L_0000025c91d93100;  1 drivers
L_0000025c91d93028 .functor BUFT 1, C4<00000000000000000000000000000>, C4<0>, C4<0>, C4<0>;
v0000025c91d41760_0 .net *"_ivl_3", 28 0, L_0000025c91d93028;  1 drivers
L_0000025c91d93070 .functor BUFT 1, C4<00000000000000000000000000001000>, C4<0>, C4<0>, C4<0>;
v0000025c91d41800_0 .net/2u *"_ivl_4", 31 0, L_0000025c91d93070;  1 drivers
v0000025c91d418a0_0 .net *"_ivl_8", 31 0, L_0000025c91d42570;  1 drivers
o0000025c91d4a0b8 .functor BUFZ 1, C4<z>; HiZ drive
v0000025c91d41940_0 .net "clk", 0 0, o0000025c91d4a0b8;  0 drivers
v0000025c91d419e0_0 .var "count", 2 0;
o0000025c91d4a118 .functor BUFZ 8, C4<zzzzzzzz>; HiZ drive
v0000025c91d41a80_0 .net "data_in", 7 0, o0000025c91d4a118;  0 drivers
v0000025c91d41b20_0 .var "data_out", 7 0;
v0000025c91d41bc0_0 .net "empty", 0 0, L_0000025c91d429d0;  1 drivers
v0000025c91d41c60 .array "fifo", 7 0, 7 0;
v0000025c91d41d50_0 .net "full", 0 0, L_0000025c91d42930;  1 drivers
o0000025c91d4a1d8 .functor BUFZ 1, C4<z>; HiZ drive
v0000025c91d42890_0 .net "r_en", 0 0, o0000025c91d4a1d8;  0 drivers
v0000025c91d42430_0 .var "r_ptr", 2 0;
o0000025c91d4a238 .functor BUFZ 1, C4<z>; HiZ drive
v0000025c91d42390_0 .net "rst_n", 0 0, o0000025c91d4a238;  0 drivers
o0000025c91d4a268 .functor BUFZ 1, C4<z>; HiZ drive
v0000025c91d41df0_0 .net "w_en", 0 0, o0000025c91d4a268;  0 drivers
v0000025c91d424d0_0 .var "w_ptr", 2 0;
E_0000025c91d37060 .event posedge, v0000025c91d41940_0;
L_0000025c91d42070 .concat [ 3 29 0 0], v0000025c91d419e0_0, L_0000025c91d93028;
L_0000025c91d42930 .cmp/eq 32, L_0000025c91d42070, L_0000025c91d93070;
L_0000025c91d42570 .concat [ 3 29 0 0], v0000025c91d419e0_0, L_0000025c91d930b8;
L_0000025c91d429d0 .cmp/eq 32, L_0000025c91d42570, L_0000025c91d93100;
    .scope S_0000025c91d37b60;
T_0 ;
    %wait E_0000025c91d37060;
    %load/vec4 v0000025c91d42390_0;
    %nor/r;
    %flag_set/vec4 8;
    %jmp/0xz  T_0.0, 8;
    %pushi/vec4 0, 0, 3;
    %assign/vec4 v0000025c91d424d0_0, 0;
    %pushi/vec4 0, 0, 3;
    %assign/vec4 v0000025c91d42430_0, 0;
    %pushi/vec4 0, 0, 8;
    %assign/vec4 v0000025c91d41b20_0, 0;
    %pushi/vec4 0, 0, 3;
    %assign/vec4 v0000025c91d419e0_0, 0;
    %jmp T_0.1;
T_0.0 ;
    %load/vec4 v0000025c91d41df0_0;
    %load/vec4 v0000025c91d42890_0;
    %concat/vec4; draw_concat_vec4
    %dup/vec4;
    %pushi/vec4 0, 0, 2;
    %cmp/u;
    %jmp/1 T_0.2, 6;
    %dup/vec4;
    %pushi/vec4 3, 0, 2;
    %cmp/u;
    %jmp/1 T_0.3, 6;
    %dup/vec4;
    %pushi/vec4 1, 0, 2;
    %cmp/u;
    %jmp/1 T_0.4, 6;
    %dup/vec4;
    %pushi/vec4 2, 0, 2;
    %cmp/u;
    %jmp/1 T_0.5, 6;
    %jmp T_0.6;
T_0.2 ;
    %load/vec4 v0000025c91d419e0_0;
    %assign/vec4 v0000025c91d419e0_0, 0;
    %jmp T_0.6;
T_0.3 ;
    %load/vec4 v0000025c91d419e0_0;
    %assign/vec4 v0000025c91d419e0_0, 0;
    %jmp T_0.6;
T_0.4 ;
    %load/vec4 v0000025c91d419e0_0;
    %subi 1, 0, 3;
    %assign/vec4 v0000025c91d419e0_0, 0;
    %jmp T_0.6;
T_0.5 ;
    %load/vec4 v0000025c91d419e0_0;
    %addi 1, 0, 3;
    %assign/vec4 v0000025c91d419e0_0, 0;
    %jmp T_0.6;
T_0.6 ;
    %pop/vec4 1;
T_0.1 ;
    %jmp T_0;
    .thread T_0;
    .scope S_0000025c91d37b60;
T_1 ;
    %wait E_0000025c91d37060;
    %load/vec4 v0000025c91d41df0_0;
    %load/vec4 v0000025c91d41d50_0;
    %nor/r;
    %and;
    %flag_set/vec4 8;
    %jmp/0xz  T_1.0, 8;
    %load/vec4 v0000025c91d41a80_0;
    %load/vec4 v0000025c91d424d0_0;
    %pad/u 5;
    %ix/vec4 3;
    %ix/load 4, 0, 0; Constant delay
    %assign/vec4/a/d v0000025c91d41c60, 0, 4;
    %load/vec4 v0000025c91d424d0_0;
    %addi 1, 0, 3;
    %assign/vec4 v0000025c91d424d0_0, 0;
T_1.0 ;
    %jmp T_1;
    .thread T_1;
    .scope S_0000025c91d37b60;
T_2 ;
    %wait E_0000025c91d37060;
    %load/vec4 v0000025c91d42890_0;
    %load/vec4 v0000025c91d41bc0_0;
    %nor/r;
    %and;
    %flag_set/vec4 8;
    %jmp/0xz  T_2.0, 8;
    %load/vec4 v0000025c91d42430_0;
    %pad/u 5;
    %ix/vec4 4;
    %load/vec4a v0000025c91d41c60, 4;
    %assign/vec4 v0000025c91d41b20_0, 0;
    %load/vec4 v0000025c91d42430_0;
    %addi 1, 0, 3;
    %assign/vec4 v0000025c91d42430_0, 0;
T_2.0 ;
    %jmp T_2;
    .thread T_2;
# The file index is used to find the file name in the following table.
:file_names 3;
    "N/A";
    "<interactive>";
    "sync_fifo2.v";
