#! /c/Source/iverilog-install/bin/vvp
:ivl_version "12.0 (devel)" "(s20150603-1539-g2693dd32b)";
:ivl_delay_selection "TYPICAL";
:vpi_time_precision + 0;
:vpi_module "C:\iverilog\lib\ivl\system.vpi";
:vpi_module "C:\iverilog\lib\ivl\vhdl_sys.vpi";
:vpi_module "C:\iverilog\lib\ivl\vhdl_textio.vpi";
:vpi_module "C:\iverilog\lib\ivl\v2005_math.vpi";
:vpi_module "C:\iverilog\lib\ivl\va_math.vpi";
S_00000290dca96350 .scope module, "synchronous_fifo" "synchronous_fifo" 2 1;
 .timescale 0 0;
    .port_info 0 /INPUT 1 "clk";
    .port_info 1 /INPUT 1 "reset_n";
    .port_info 2 /INPUT 1 "write_en";
    .port_info 3 /INPUT 1 "read_en";
    .port_info 4 /INPUT 8 "in";
    .port_info 5 /OUTPUT 8 "out";
    .port_info 6 /OUTPUT 1 "full";
    .port_info 7 /OUTPUT 1 "empty";
P_00000290dca96940 .param/l "DATA_WIDTH" 0 2 1, +C4<00000000000000000000000000001000>;
P_00000290dca96978 .param/l "DEPTH" 0 2 1, +C4<00000000000000000000000000001000>;
P_00000290dca969b0 .param/l "ptr_width" 0 2 13, +C4<00000000000000000000000000000011>;
L_00000290dca9bdd0 .functor XOR 1, L_00000290dc9fe700, L_00000290dc9feac0, C4<0>, C4<0>;
L_00000290dca96ad0 .functor AND 1, L_00000290dca9bdd0, L_00000290dc9fe840, C4<1>, C4<1>;
v00000290dca9bd30_0 .net *"_ivl_1", 0 0, L_00000290dc9fe700;  1 drivers
v00000290dc9b4400_0 .net *"_ivl_10", 0 0, L_00000290dc9fe840;  1 drivers
v00000290dc9b44a0_0 .net *"_ivl_3", 0 0, L_00000290dc9feac0;  1 drivers
v00000290dc9b4540_0 .net *"_ivl_4", 0 0, L_00000290dca9bdd0;  1 drivers
v00000290dc9b45e0_0 .net *"_ivl_7", 2 0, L_00000290dc9ff100;  1 drivers
v00000290dca964e0_0 .net *"_ivl_9", 2 0, L_00000290dc9feca0;  1 drivers
o00000290dc9bb0b8 .functor BUFZ 1, C4<z>; HiZ drive
v00000290dca96580_0 .net "clk", 0 0, o00000290dc9bb0b8;  0 drivers
v00000290dca96620_0 .net "empty", 0 0, L_00000290dc9fed40;  1 drivers
v00000290dca966c0 .array "fifo", 7 0, 7 0;
v00000290dca96760_0 .net "full", 0 0, L_00000290dca96ad0;  1 drivers
o00000290dc9bb148 .functor BUFZ 8, C4<zzzzzzzz>; HiZ drive
v00000290dc9fe8e0_0 .net "in", 7 0, o00000290dc9bb148;  0 drivers
v00000290dc9fe7a0_0 .var "out", 7 0;
o00000290dc9bb1a8 .functor BUFZ 1, C4<z>; HiZ drive
v00000290dc9fee80_0 .net "read_en", 0 0, o00000290dc9bb1a8;  0 drivers
v00000290dc9fec00_0 .var "read_ptr", 3 0;
o00000290dc9bb208 .functor BUFZ 1, C4<z>; HiZ drive
v00000290dc9feb60_0 .net "reset_n", 0 0, o00000290dc9bb208;  0 drivers
o00000290dc9bb238 .functor BUFZ 1, C4<z>; HiZ drive
v00000290dc9fefc0_0 .net "write_en", 0 0, o00000290dc9bb238;  0 drivers
v00000290dc9ff060_0 .var "write_ptr", 3 0;
E_00000290dc9b8b30 .event posedge, v00000290dca96580_0;
L_00000290dc9fe700 .part v00000290dc9ff060_0, 3, 1;
L_00000290dc9feac0 .part v00000290dc9fec00_0, 3, 1;
L_00000290dc9ff100 .part v00000290dc9ff060_0, 0, 3;
L_00000290dc9feca0 .part v00000290dc9fec00_0, 0, 3;
L_00000290dc9fe840 .cmp/eq 3, L_00000290dc9ff100, L_00000290dc9feca0;
L_00000290dc9fed40 .cmp/eq 4, v00000290dc9ff060_0, v00000290dc9fec00_0;
    .scope S_00000290dca96350;
T_0 ;
    %wait E_00000290dc9b8b30;
    %load/vec4 v00000290dc9feb60_0;
    %pad/u 32;
    %cmpi/e 0, 0, 32;
    %jmp/0xz  T_0.0, 4;
    %pushi/vec4 0, 0, 4;
    %assign/vec4 v00000290dc9ff060_0, 0;
    %pushi/vec4 0, 0, 4;
    %assign/vec4 v00000290dc9fec00_0, 0;
    %pushi/vec4 0, 0, 8;
    %assign/vec4 v00000290dc9fe7a0_0, 0;
T_0.0 ;
    %jmp T_0;
    .thread T_0;
    .scope S_00000290dca96350;
T_1 ;
    %wait E_00000290dc9b8b30;
    %load/vec4 v00000290dc9fefc0_0;
    %load/vec4 v00000290dca96760_0;
    %nor/r;
    %and;
    %flag_set/vec4 8;
    %jmp/0xz  T_1.0, 8;
    %load/vec4 v00000290dc9fe8e0_0;
    %load/vec4 v00000290dc9ff060_0;
    %pad/u 5;
    %ix/vec4 3;
    %ix/load 4, 0, 0; Constant delay
    %assign/vec4/a/d v00000290dca966c0, 0, 4;
    %load/vec4 v00000290dc9ff060_0;
    %addi 1, 0, 4;
    %assign/vec4 v00000290dc9ff060_0, 0;
T_1.0 ;
    %jmp T_1;
    .thread T_1;
    .scope S_00000290dca96350;
T_2 ;
    %wait E_00000290dc9b8b30;
    %load/vec4 v00000290dc9fee80_0;
    %load/vec4 v00000290dca96620_0;
    %nor/r;
    %and;
    %flag_set/vec4 8;
    %jmp/0xz  T_2.0, 8;
    %load/vec4 v00000290dc9fec00_0;
    %pad/u 5;
    %ix/vec4 4;
    %load/vec4a v00000290dca966c0, 4;
    %assign/vec4 v00000290dc9fe7a0_0, 0;
    %load/vec4 v00000290dc9fec00_0;
    %addi 1, 0, 4;
    %assign/vec4 v00000290dc9fec00_0, 0;
T_2.0 ;
    %jmp T_2;
    .thread T_2;
# The file index is used to find the file name in the following table.
:file_names 3;
    "N/A";
    "<interactive>";
    "synchronous_fifo.v";
