#! /c/Source/iverilog-install/bin/vvp
:ivl_version "12.0 (devel)" "(s20150603-1539-g2693dd32b)";
:ivl_delay_selection "TYPICAL";
:vpi_time_precision + 0;
:vpi_module "C:\iverilog\lib\ivl\system.vpi";
:vpi_module "C:\iverilog\lib\ivl\vhdl_sys.vpi";
:vpi_module "C:\iverilog\lib\ivl\vhdl_textio.vpi";
:vpi_module "C:\iverilog\lib\ivl\v2005_math.vpi";
:vpi_module "C:\iverilog\lib\ivl\va_math.vpi";
S_000002d472f8b930 .scope module, "t_synchronous_fifo" "t_synchronous_fifo" 2 3;
 .timescale 0 0;
P_000002d472f46b50 .param/l "DATA_WIDTH" 0 2 5, +C4<00000000000000000000000000001000>;
P_000002d472f46b88 .param/l "DEPTH" 0 2 6, +C4<00000000000000000000000000001000>;
v000002d472f93730_0 .var "clk", 0 0;
v000002d472f93cd0_0 .var "data_in", 7 0;
v000002d472f937d0_0 .net "data_out", 7 0, v000002d472f93d70_0;  1 drivers
v000002d472f93e10_0 .net "empty", 0 0, L_000002d472f94130;  1 drivers
v000002d472f94090_0 .net "full", 0 0, L_000002d472f9d3f0;  1 drivers
v000002d472f93eb0_0 .var/i "i", 31 0;
v000002d472f93f50_0 .var "r_en", 0 0;
v000002d472f93ff0_0 .var "rst_n", 0 0;
v000002d472f934b0_0 .var "w_en", 0 0;
v000002d472f939b0 .array "wdata_q", 7 0, 7 0;
S_000002d472f8b350 .scope module, "s_fifo" "synchronous_fifo" 2 19, 3 1 0, S_000002d472f8b930;
 .timescale 0 0;
    .port_info 0 /INPUT 1 "clk";
    .port_info 1 /INPUT 1 "reset_n";
    .port_info 2 /INPUT 1 "write_en";
    .port_info 3 /INPUT 1 "read_en";
    .port_info 4 /INPUT 8 "in";
    .port_info 5 /OUTPUT 8 "out";
    .port_info 6 /OUTPUT 1 "full";
    .port_info 7 /OUTPUT 1 "empty";
P_000002d472f8bac0 .param/l "DATA_WIDTH" 0 3 1, +C4<00000000000000000000000000001000>;
P_000002d472f8baf8 .param/l "DEPTH" 0 3 1, +C4<00000000000000000000000000001000>;
P_000002d472f8bb30 .param/l "ptr_width" 0 3 13, +C4<00000000000000000000000000000011>;
L_000002d472f9da80 .functor XOR 1, L_000002d472f93870, L_000002d472f93a50, C4<0>, C4<0>;
L_000002d472f9d3f0 .functor AND 1, L_000002d472f9da80, L_000002d472f943b0, C4<1>, C4<1>;
v000002d472f899f0_0 .net *"_ivl_1", 0 0, L_000002d472f93870;  1 drivers
v000002d472f8aea0_0 .net *"_ivl_10", 0 0, L_000002d472f943b0;  1 drivers
v000002d472f877f0_0 .net *"_ivl_3", 0 0, L_000002d472f93a50;  1 drivers
v000002d472f888a0_0 .net *"_ivl_4", 0 0, L_000002d472f9da80;  1 drivers
v000002d472f469c0_0 .net *"_ivl_7", 2 0, L_000002d472f941d0;  1 drivers
v000002d472f8b4e0_0 .net *"_ivl_9", 2 0, L_000002d472f93af0;  1 drivers
v000002d472f8b580_0 .net "clk", 0 0, v000002d472f93730_0;  1 drivers
v000002d472f463d0_0 .net "empty", 0 0, L_000002d472f94130;  alias, 1 drivers
v000002d472f46470 .array "fifo", 7 0, 7 0;
v000002d472f46510_0 .net "full", 0 0, L_000002d472f9d3f0;  alias, 1 drivers
v000002d472f93550_0 .net "in", 7 0, v000002d472f93cd0_0;  1 drivers
v000002d472f93d70_0 .var "out", 7 0;
v000002d472f93690_0 .net "read_en", 0 0, v000002d472f93f50_0;  1 drivers
v000002d472f94270_0 .var "read_ptr", 3 0;
v000002d472f935f0_0 .net "reset_n", 0 0, v000002d472f93ff0_0;  1 drivers
v000002d472f93910_0 .net "write_en", 0 0, v000002d472f934b0_0;  1 drivers
v000002d472f93c30_0 .var "write_ptr", 3 0;
E_000002d472f87460 .event posedge, v000002d472f8b580_0;
L_000002d472f93870 .part v000002d472f93c30_0, 3, 1;
L_000002d472f93a50 .part v000002d472f94270_0, 3, 1;
L_000002d472f941d0 .part v000002d472f93c30_0, 0, 3;
L_000002d472f93af0 .part v000002d472f94270_0, 0, 3;
L_000002d472f943b0 .cmp/eq 3, L_000002d472f941d0, L_000002d472f93af0;
L_000002d472f94130 .cmp/eq 4, v000002d472f93c30_0, v000002d472f94270_0;
    .scope S_000002d472f8b350;
T_0 ;
    %wait E_000002d472f87460;
    %load/vec4 v000002d472f935f0_0;
    %pad/u 32;
    %cmpi/e 0, 0, 32;
    %jmp/0xz  T_0.0, 4;
    %pushi/vec4 0, 0, 4;
    %assign/vec4 v000002d472f93c30_0, 0;
    %pushi/vec4 0, 0, 4;
    %assign/vec4 v000002d472f94270_0, 0;
    %pushi/vec4 0, 0, 8;
    %assign/vec4 v000002d472f93d70_0, 0;
T_0.0 ;
    %jmp T_0;
    .thread T_0;
    .scope S_000002d472f8b350;
T_1 ;
    %wait E_000002d472f87460;
    %load/vec4 v000002d472f93910_0;
    %load/vec4 v000002d472f46510_0;
    %nor/r;
    %and;
    %flag_set/vec4 8;
    %jmp/0xz  T_1.0, 8;
    %load/vec4 v000002d472f93550_0;
    %load/vec4 v000002d472f93c30_0;
    %pad/u 5;
    %ix/vec4 3;
    %ix/load 4, 0, 0; Constant delay
    %assign/vec4/a/d v000002d472f46470, 0, 4;
    %load/vec4 v000002d472f93c30_0;
    %addi 1, 0, 4;
    %assign/vec4 v000002d472f93c30_0, 0;
T_1.0 ;
    %jmp T_1;
    .thread T_1;
    .scope S_000002d472f8b350;
T_2 ;
    %wait E_000002d472f87460;
    %load/vec4 v000002d472f93690_0;
    %load/vec4 v000002d472f463d0_0;
    %nor/r;
    %and;
    %flag_set/vec4 8;
    %jmp/0xz  T_2.0, 8;
    %load/vec4 v000002d472f94270_0;
    %pad/u 5;
    %ix/vec4 4;
    %load/vec4a v000002d472f46470, 4;
    %assign/vec4 v000002d472f93d70_0, 0;
    %load/vec4 v000002d472f94270_0;
    %addi 1, 0, 4;
    %assign/vec4 v000002d472f94270_0, 0;
T_2.0 ;
    %jmp T_2;
    .thread T_2;
    .scope S_000002d472f8b930;
T_3 ;
    %pushi/vec4 0, 0, 1;
    %store/vec4 v000002d472f93730_0, 0, 1;
T_3.0 ;
    %delay 5, 0;
    %load/vec4 v000002d472f93730_0;
    %inv;
    %store/vec4 v000002d472f93730_0, 0, 1;
    %jmp T_3.0;
    %end;
    .thread T_3;
    .scope S_000002d472f8b930;
T_4 ;
    %pushi/vec4 0, 0, 1;
    %store/vec4 v000002d472f93ff0_0, 0, 1;
    %pushi/vec4 0, 0, 1;
    %store/vec4 v000002d472f934b0_0, 0, 1;
    %pushi/vec4 0, 0, 8;
    %store/vec4 v000002d472f93cd0_0, 0, 8;
    %delay 15, 0;
    %pushi/vec4 1, 0, 1;
    %store/vec4 v000002d472f93ff0_0, 0, 1;
    %pushi/vec4 0, 0, 32;
    %store/vec4 v000002d472f93eb0_0, 0, 32;
T_4.0 ;
    %load/vec4 v000002d472f93eb0_0;
    %cmpi/s 8, 0, 32;
    %jmp/0xz T_4.1, 5;
    %wait E_000002d472f87460;
    %pushi/vec4 1, 0, 1;
    %store/vec4 v000002d472f934b0_0, 0, 1;
    %load/vec4 v000002d472f93eb0_0;
    %addi 1, 0, 32;
    %pad/s 8;
    %store/vec4 v000002d472f93cd0_0, 0, 8;
    %load/vec4 v000002d472f93cd0_0;
    %ix/getv/s 4, v000002d472f93eb0_0;
    %store/vec4a v000002d472f939b0, 4, 0;
    ; show_stmt_assign_vector: Get l-value for compressed += operand
    %load/vec4 v000002d472f93eb0_0;
    %pushi/vec4 1, 0, 32;
    %add;
    %store/vec4 v000002d472f93eb0_0, 0, 32;
    %jmp T_4.0;
T_4.1 ;
    %pushi/vec4 0, 0, 1;
    %store/vec4 v000002d472f934b0_0, 0, 1;
    %end;
    .thread T_4;
    .scope S_000002d472f8b930;
T_5 ;
    %pushi/vec4 0, 0, 1;
    %store/vec4 v000002d472f93f50_0, 0, 1;
    %delay 100, 0;
    %pushi/vec4 0, 0, 32;
    %store/vec4 v000002d472f93eb0_0, 0, 32;
T_5.0 ;
    %load/vec4 v000002d472f93eb0_0;
    %cmpi/s 8, 0, 32;
    %jmp/0xz T_5.1, 5;
    %wait E_000002d472f87460;
    %pushi/vec4 1, 0, 1;
    %store/vec4 v000002d472f93f50_0, 0, 1;
    %delay 1, 0;
    %load/vec4 v000002d472f937d0_0;
    %ix/getv/s 4, v000002d472f93eb0_0;
    %load/vec4a v000002d472f939b0, 4;
    %cmp/ne;
    %jmp/0xz  T_5.2, 4;
    %vpi_call 2 62 "$error", "Time = %0t: Comparison Failed: expected data = %h, read data = %h", $time, &A<v000002d472f939b0, v000002d472f93eb0_0 >, v000002d472f937d0_0 {0 0 0};
    %jmp T_5.3;
T_5.2 ;
    %vpi_call 2 64 "$display", "Time = %0t: Comparison Passed: expected data = %h, read data = %h", $time, &A<v000002d472f939b0, v000002d472f93eb0_0 >, v000002d472f937d0_0 {0 0 0};
T_5.3 ;
    ; show_stmt_assign_vector: Get l-value for compressed += operand
    %load/vec4 v000002d472f93eb0_0;
    %pushi/vec4 1, 0, 32;
    %add;
    %store/vec4 v000002d472f93eb0_0, 0, 32;
    %jmp T_5.0;
T_5.1 ;
    %pushi/vec4 0, 0, 1;
    %store/vec4 v000002d472f93f50_0, 0, 1;
    %delay 50, 0;
    %vpi_call 2 69 "$finish" {0 0 0};
    %end;
    .thread T_5;
    .scope S_000002d472f8b930;
T_6 ;
    %vpi_call 2 74 "$dumpfile", "t_synchronous_fifo2.vcd" {0 0 0};
    %vpi_call 2 75 "$dumpvars", 32'sb00000000000000000000000000000000, S_000002d472f8b930 {0 0 0};
    %end;
    .thread T_6;
# The file index is used to find the file name in the following table.
:file_names 4;
    "N/A";
    "<interactive>";
    "t_synchronous_fifo.v";
    "./synchronous_fifo.v";
